demo/build/outputs/logs/manifest-merger-debug-report.txt
-- Merging decision tree log ---
manifest
ADDED from MyTest/demo/AndroidManifest.xml:2:1-186:12
INJECTED from MyTest/demo/AndroidManifest.xml:2:1-186:12
INJECTED from MyTest/demo/AndroidManifest.xml:2:1-186:12
INJECTED from MyTest/demo/AndroidManifest.xml:2:1-186:12
INJECTED from MyTest/demo/AndroidManifest.xml:2:1-186:12
INJECTED from MyTest/demo/AndroidManifest.xml:2:1-186:12
INJECTED from MyTest/demo/AndroidManifest.xml:2:1-186:12
	package
		ADDED from MyTest/demo/AndroidManifest.xml:2:70-92
		INJECTED from MyTest/demo/AndroidManifest.xml
		INJECTED from MyTest/demo/AndroidManifest.xml
	android:versionName
		ADDED from MyTest/demo/AndroidManifest.xml:3:29-56
		INJECTED from MyTest/demo/AndroidManifest.xml
		INJECTED from MyTest/demo/AndroidManifest.xml
	xmlns:android
		ADDED from MyTest/demo/AndroidManifest.xml:2:11-69
	android:versionCode
		ADDED from MyTest/demo/AndroidManifest.xml:3:5-28
		INJECTED from MyTest/demo/AndroidManifest.xml
		INJECTED from MyTest/demo/AndroidManifest.xml
permission#im.sdk.debug.permission.JPUSH_MESSAGE
ADDED from MyTest/demo/AndroidManifest.xml:5:5-6:47
	android:protectionLevel
		ADDED from MyTest/demo/AndroidManifest.xml:6:9-44
	android:name
		ADDED from MyTest/demo/AndroidManifest.xml:5:17-69
uses-permission#im.sdk.debug.permission.JPUSH_MESSAGE
ADDED from MyTest/demo/AndroidManifest.xml:9:5-77
	android:name
		ADDED from MyTest/demo/AndroidManifest.xml:9:22-74
uses-permission#android.permission.RECEIVE_USER_PRESENT
ADDED from MyTest/demo/AndroidManifest.xml:10:5-79
	android:name
		ADDED from MyTest/demo/AndroidManifest.xml:10:22-76
uses-permission#android.permission.INTERNET
ADDED from MyTest/demo/AndroidManifest.xml:11:5-67
	android:name
		ADDED from MyTest/demo/AndroidManifest.xml:11:22-64
uses-permission#android.permission.WAKE_LOCK
ADDED from MyTest/demo/AndroidManifest.xml:12:5-68
	android:name
		ADDED from MyTest/demo/AndroidManifest.xml:12:22-65
uses-permission#android.permission.READ_PHONE_STATE
ADDED from MyTest/demo/AndroidManifest.xml:13:5-75
	android:name
		ADDED from MyTest/demo/AndroidManifest.xml:13:22-72
uses-permission#android.permission.WRITE_EXTERNAL_STORAGE
ADDED from MyTest/demo/AndroidManifest.xml:14:5-81
	android:name
		ADDED from MyTest/demo/AndroidManifest.xml:14:22-78
uses-permission#android.permission.READ_EXTERNAL_STORAGE
ADDED from MyTest/demo/AndroidManifest.xml:15:5-80
	android:name
		ADDED from MyTest/demo/AndroidManifest.xml:15:22-77
uses-permission#android.permission.VIBRATE
ADDED from MyTest/demo/AndroidManifest.xml:16:5-66
	android:name
		ADDED from MyTest/demo/AndroidManifest.xml:16:22-63
uses-permission#android.permission.MOUNT_UNMOUNT_FILESYSTEMS
ADDED from MyTest/demo/AndroidManifest.xml:17:5-84
	android:name
		ADDED from MyTest/demo/AndroidManifest.xml:17:22-81
uses-permission#android.permission.ACCESS_NETWORK_STATE
ADDED from MyTest/demo/AndroidManifest.xml:18:5-79
	android:name
		ADDED from MyTest/demo/AndroidManifest.xml:18:22-76
uses-permission#android.permission.WRITE_SETTINGS
ADDED from MyTest/demo/AndroidManifest.xml:19:5-73
	android:name
		ADDED from MyTest/demo/AndroidManifest.xml:19:22-70
uses-permission#android.permission.ACCESS_WIFI_STATE
ADDED from MyTest/demo/AndroidManifest.xml:20:5-76
	android:name
		ADDED from MyTest/demo/AndroidManifest.xml:20:22-73
uses-permission#android.permission.SYSTEM_ALERT_WINDOW
ADDED from MyTest/demo/AndroidManifest.xml:24:5-78
	android:name
		ADDED from MyTest/demo/AndroidManifest.xml:24:22-75
uses-permission#android.permission.ACCESS_COARSE_LOCATION
ADDED from MyTest/demo/AndroidManifest.xml:25:5-81
	android:name
		ADDED from MyTest/demo/AndroidManifest.xml:25:22-78
uses-permission#android.permission.ACCESS_FINE_LOCATION
ADDED from MyTest/demo/AndroidManifest.xml:26:5-79
	android:name
		ADDED from MyTest/demo/AndroidManifest.xml:26:22-76
uses-permission#android.permission.ACCESS_LOCATION_EXTRA_COMMANDS
ADDED from MyTest/demo/AndroidManifest.xml:27:5-89
	android:name
		ADDED from MyTest/demo/AndroidManifest.xml:27:22-86
uses-permission#android.permission.CHANGE_WIFI_STATE
ADDED from MyTest/demo/AndroidManifest.xml:28:5-76
	android:name
		ADDED from MyTest/demo/AndroidManifest.xml:28:22-73
uses-permission#android.permission.CHANGE_NETWORK_STATE
ADDED from MyTest/demo/AndroidManifest.xml:29:5-79
	android:name
		ADDED from MyTest/demo/AndroidManifest.xml:29:22-76
uses-permission#android.permission.GET_TASKS
ADDED from MyTest/demo/AndroidManifest.xml:30:5-68
	android:name
		ADDED from MyTest/demo/AndroidManifest.xml:30:22-65
application
ADDED from MyTest/demo/AndroidManifest.xml:32:5-184:19
	android:label
		ADDED from MyTest/demo/AndroidManifest.xml:35:9-41
	android:icon
		ADDED from MyTest/demo/AndroidManifest.xml:34:9-43
	android:name
		ADDED from MyTest/demo/AndroidManifest.xml:33:9-55
service#cn.jpush.android.service.PushService
ADDED from MyTest/demo/AndroidManifest.xml:39:9-50:19
	android:process
		ADDED from MyTest/demo/AndroidManifest.xml:42:38-65
	android:enabled
		ADDED from MyTest/demo/AndroidManifest.xml:41:13-35
	android:exported
		ADDED from MyTest/demo/AndroidManifest.xml:42:13-37
	android:name
		ADDED from MyTest/demo/AndroidManifest.xml:40:13-64
intent-filter#action:name:cn.jpush.android.intent.PUSH_TIME+action:name:cn.jpush.android.intent.PushService+action:name:cn.jpush.android.intent.REGISTER+action:name:cn.jpush.android.intent.REPORT
ADDED from MyTest/demo/AndroidManifest.xml:43:13-49:29
action#cn.jpush.android.intent.REGISTER
ADDED from MyTest/demo/AndroidManifest.xml:44:17-75
	android:name
		ADDED from MyTest/demo/AndroidManifest.xml:44:25-72
action#cn.jpush.android.intent.REPORT
ADDED from MyTest/demo/AndroidManifest.xml:45:17-73
	android:name
		ADDED from MyTest/demo/AndroidManifest.xml:45:25-70
action#cn.jpush.android.intent.PushService
ADDED from MyTest/demo/AndroidManifest.xml:46:17-78
	android:name
		ADDED from MyTest/demo/AndroidManifest.xml:46:25-75
action#cn.jpush.android.intent.PUSH_TIME
ADDED from MyTest/demo/AndroidManifest.xml:47:17-76
	android:name
		ADDED from MyTest/demo/AndroidManifest.xml:47:25-73
receiver#cn.jpush.android.service.PushReceiver
ADDED from MyTest/demo/AndroidManifest.xml:53:9-72:20
	android:process
		ADDED from MyTest/demo/AndroidManifest.xml:55:61-88
	android:enabled
		ADDED from MyTest/demo/AndroidManifest.xml:55:13-35
	android:exported
		ADDED from MyTest/demo/AndroidManifest.xml:55:36-60
	android:name
		ADDED from MyTest/demo/AndroidManifest.xml:54:13-65
intent-filter#action:name:cn.jpush.android.intent.NOTIFICATION_RECEIVED_PROXY+category:name:im.sdk.debug
ADDED from MyTest/demo/AndroidManifest.xml:56:13-60:29
	android:priority
		ADDED from MyTest/demo/AndroidManifest.xml:56:28-51
action#cn.jpush.android.intent.NOTIFICATION_RECEIVED_PROXY
ADDED from MyTest/demo/AndroidManifest.xml:57:17-94
	android:name
		ADDED from MyTest/demo/AndroidManifest.xml:57:25-91
category#im.sdk.debug
ADDED from MyTest/demo/AndroidManifest.xml:59:17-57
	android:name
		ADDED from MyTest/demo/AndroidManifest.xml:59:27-54
intent-filter#action:name:android.intent.action.USER_PRESENT+action:name:android.net.conn.CONNECTIVITY_CHANGE
ADDED from MyTest/demo/AndroidManifest.xml:61:13-64:29
action#android.intent.action.USER_PRESENT
ADDED from MyTest/demo/AndroidManifest.xml:62:17-77
	android:name
		ADDED from MyTest/demo/AndroidManifest.xml:62:25-74
action#android.net.conn.CONNECTIVITY_CHANGE
ADDED from MyTest/demo/AndroidManifest.xml:63:17-79
	android:name
		ADDED from MyTest/demo/AndroidManifest.xml:63:25-76
intent-filter#action:name:android.intent.action.PACKAGE_ADDED+action:name:android.intent.action.PACKAGE_REMOVED+data:scheme:package
ADDED from MyTest/demo/AndroidManifest.xml:66:13-71:29
action#android.intent.action.PACKAGE_ADDED
ADDED from MyTest/demo/AndroidManifest.xml:67:17-78
	android:name
		ADDED from MyTest/demo/AndroidManifest.xml:67:25-75
action#android.intent.action.PACKAGE_REMOVED
ADDED from MyTest/demo/AndroidManifest.xml:68:17-80
	android:name
		ADDED from MyTest/demo/AndroidManifest.xml:68:25-77
data
ADDED from MyTest/demo/AndroidManifest.xml:70:17-50
	android:scheme
		ADDED from MyTest/demo/AndroidManifest.xml:70:23-47
receiver#cn.jpush.im.android.helpers.IMReceiver
ADDED from MyTest/demo/AndroidManifest.xml:75:9-85:20
	android:enabled
		ADDED from MyTest/demo/AndroidManifest.xml:77:13-35
	android:exported
		ADDED from MyTest/demo/AndroidManifest.xml:78:13-37
	android:name
		ADDED from MyTest/demo/AndroidManifest.xml:76:13-66
intent-filter#action:name:cn.jpush.im.android.action.IM_RESPONSE+action:name:cn.jpush.im.android.action.NOTIFICATION_CLICK_PROXY+category:name:im.sdk.debug
ADDED from MyTest/demo/AndroidManifest.xml:79:13-84:29
	android:priority
		ADDED from MyTest/demo/AndroidManifest.xml:79:28-51
action#cn.jpush.im.android.action.IM_RESPONSE
ADDED from MyTest/demo/AndroidManifest.xml:80:17-81
	android:name
		ADDED from MyTest/demo/AndroidManifest.xml:80:25-78
action#cn.jpush.im.android.action.NOTIFICATION_CLICK_PROXY
ADDED from MyTest/demo/AndroidManifest.xml:81:17-94
	android:name
		ADDED from MyTest/demo/AndroidManifest.xml:81:25-91
receiver#cn.jpush.android.service.AlarmReceiver
ADDED from MyTest/demo/AndroidManifest.xml:88:9-90:40
	android:exported
		ADDED from MyTest/demo/AndroidManifest.xml:90:13-37
	android:name
		ADDED from MyTest/demo/AndroidManifest.xml:89:13-66
provider#cn.jpush.android.service.DataProvider
ADDED from MyTest/demo/AndroidManifest.xml:94:9-97:39
	android:authorities
		ADDED from MyTest/demo/AndroidManifest.xml:96:13-60
	android:exported
		ADDED from MyTest/demo/AndroidManifest.xml:97:13-36
	android:name
		ADDED from MyTest/demo/AndroidManifest.xml:95:13-65
meta-data#JPUSH_CHANNEL
ADDED from MyTest/demo/AndroidManifest.xml:105:9-107:49
	android:value
		ADDED from MyTest/demo/AndroidManifest.xml:107:13-46
	android:name
		ADDED from MyTest/demo/AndroidManifest.xml:106:13-41
meta-data#JPUSH_APPKEY
ADDED from MyTest/demo/AndroidManifest.xml:109:9-111:56
	android:value
		ADDED from MyTest/demo/AndroidManifest.xml:111:13-53
	android:name
		ADDED from MyTest/demo/AndroidManifest.xml:110:13-40
activity#im.sdk.debug.RegisterAndLoginActivity
ADDED from MyTest/demo/AndroidManifest.xml:113:9-121:20
	android:launchMode
		ADDED from MyTest/demo/AndroidManifest.xml:115:13-44
	android:name
		ADDED from MyTest/demo/AndroidManifest.xml:114:13-65
intent-filter#action:name:android.intent.action.MAIN+category:name:android.intent.category.LAUNCHER
ADDED from MyTest/demo/AndroidManifest.xml:116:13-120:29
action#android.intent.action.MAIN
ADDED from MyTest/demo/AndroidManifest.xml:117:17-69
	android:name
		ADDED from MyTest/demo/AndroidManifest.xml:117:25-66
category#android.intent.category.LAUNCHER
ADDED from MyTest/demo/AndroidManifest.xml:119:17-77
	android:name
		ADDED from MyTest/demo/AndroidManifest.xml:119:27-74
activity#im.sdk.debug.activity.setting.RegisterActivity
ADDED from MyTest/demo/AndroidManifest.xml:122:9-83
	android:name
		ADDED from MyTest/demo/AndroidManifest.xml:122:19-80
activity#im.sdk.debug.activity.setting.SettingMainActivity
ADDED from MyTest/demo/AndroidManifest.xml:123:9-86
	android:name
		ADDED from MyTest/demo/AndroidManifest.xml:123:19-83
activity#im.sdk.debug.activity.TypeActivity
ADDED from MyTest/demo/AndroidManifest.xml:124:9-126:47
	android:launchMode
		ADDED from MyTest/demo/AndroidManifest.xml:126:13-44
	android:name
		ADDED from MyTest/demo/AndroidManifest.xml:125:13-62
activity#im.sdk.debug.activity.setting.InfoActivity
ADDED from MyTest/demo/AndroidManifest.xml:127:9-79
	android:name
		ADDED from MyTest/demo/AndroidManifest.xml:127:19-76
activity#im.sdk.debug.activity.setting.AssertEqualsActivity
ADDED from MyTest/demo/AndroidManifest.xml:128:9-87
	android:name
		ADDED from MyTest/demo/AndroidManifest.xml:128:19-84
activity#im.sdk.debug.activity.setting.GetUserInfoActivity
ADDED from MyTest/demo/AndroidManifest.xml:129:9-86
	android:name
		ADDED from MyTest/demo/AndroidManifest.xml:129:19-83
activity#im.sdk.debug.activity.setting.UpdatePassword
ADDED from MyTest/demo/AndroidManifest.xml:130:9-81
	android:name
		ADDED from MyTest/demo/AndroidManifest.xml:130:19-78
activity#im.sdk.debug.activity.setting.UpdateUserInfoActivity
ADDED from MyTest/demo/AndroidManifest.xml:131:9-89
	android:name
		ADDED from MyTest/demo/AndroidManifest.xml:131:19-86
activity#im.sdk.debug.activity.createmessage.CreateMessageActivity
ADDED from MyTest/demo/AndroidManifest.xml:132:9-94
	android:name
		ADDED from MyTest/demo/AndroidManifest.xml:132:19-91
activity#im.sdk.debug.activity.createmessage.CreateSigTextMessageActivity
ADDED from MyTest/demo/AndroidManifest.xml:133:9-101
	android:name
		ADDED from MyTest/demo/AndroidManifest.xml:133:19-98
activity#im.sdk.debug.activity.groupinfo.GroupInfoActivity
ADDED from MyTest/demo/AndroidManifest.xml:134:9-86
	android:name
		ADDED from MyTest/demo/AndroidManifest.xml:134:19-83
activity#im.sdk.debug.activity.groupinfo.CreateGroupActivity
ADDED from MyTest/demo/AndroidManifest.xml:135:9-88
	android:name
		ADDED from MyTest/demo/AndroidManifest.xml:135:19-85
activity#im.sdk.debug.activity.groupinfo.GetGroupInfoActivity
ADDED from MyTest/demo/AndroidManifest.xml:136:9-89
	android:name
		ADDED from MyTest/demo/AndroidManifest.xml:136:19-86
activity#im.sdk.debug.activity.imagecontent.ImageContentActivity
ADDED from MyTest/demo/AndroidManifest.xml:137:9-92
	android:name
		ADDED from MyTest/demo/AndroidManifest.xml:137:19-89
activity#im.sdk.debug.activity.conversation.ConversationActivity
ADDED from MyTest/demo/AndroidManifest.xml:138:9-92
	android:name
		ADDED from MyTest/demo/AndroidManifest.xml:138:19-89
activity#im.sdk.debug.activity.groupinfo.AddRemoveGroupMemberActivity
ADDED from MyTest/demo/AndroidManifest.xml:139:9-97
	android:name
		ADDED from MyTest/demo/AndroidManifest.xml:139:19-94
activity#im.sdk.debug.activity.groupinfo.UpdateGroupInfoActivity
ADDED from MyTest/demo/AndroidManifest.xml:140:9-92
	android:name
		ADDED from MyTest/demo/AndroidManifest.xml:140:19-89
activity#im.sdk.debug.activity.groupinfo.ExitGroupActivity
ADDED from MyTest/demo/AndroidManifest.xml:141:9-86
	android:name
		ADDED from MyTest/demo/AndroidManifest.xml:141:19-83
activity#im.sdk.debug.activity.groupinfo.GetLocalGroupMembersActivity
ADDED from MyTest/demo/AndroidManifest.xml:142:9-97
	android:name
		ADDED from MyTest/demo/AndroidManifest.xml:142:19-94
activity#im.sdk.debug.activity.createmessage.CreateGroupTextMsgActivity
ADDED from MyTest/demo/AndroidManifest.xml:143:9-99
	android:name
		ADDED from MyTest/demo/AndroidManifest.xml:143:19-96
activity#im.sdk.debug.activity.createmessage.CreateSigCustomMsgActivity
ADDED from MyTest/demo/AndroidManifest.xml:144:9-99
	android:name
		ADDED from MyTest/demo/AndroidManifest.xml:144:19-96
activity#im.sdk.debug.activity.createmessage.CreateSigImageMessageActivity
ADDED from MyTest/demo/AndroidManifest.xml:145:9-102
	android:name
		ADDED from MyTest/demo/AndroidManifest.xml:145:19-99
activity#im.sdk.debug.activity.createmessage.ShowMessageActivity
ADDED from MyTest/demo/AndroidManifest.xml:146:9-92
	android:name
		ADDED from MyTest/demo/AndroidManifest.xml:146:19-89
activity#im.sdk.debug.activity.createmessage.CreateGroupImageMsgActivity
ADDED from MyTest/demo/AndroidManifest.xml:147:9-100
	android:name
		ADDED from MyTest/demo/AndroidManifest.xml:147:19-97
activity#im.sdk.debug.activity.createmessage.CreateSigVoiceMsgActivity
ADDED from MyTest/demo/AndroidManifest.xml:148:9-98
	android:name
		ADDED from MyTest/demo/AndroidManifest.xml:148:19-95
activity#im.sdk.debug.activity.createmessage.ShowCustomMessageActivity
ADDED from MyTest/demo/AndroidManifest.xml:149:9-98
	android:name
		ADDED from MyTest/demo/AndroidManifest.xml:149:19-95
activity#im.sdk.debug.activity.createmessage.CreateGroupCustomMsgActivity
ADDED from MyTest/demo/AndroidManifest.xml:150:9-101
	android:name
		ADDED from MyTest/demo/AndroidManifest.xml:150:19-98
activity#im.sdk.debug.activity.createmessage.CreateGroupVoiceMsgActivity
ADDED from MyTest/demo/AndroidManifest.xml:151:9-100
	android:name
		ADDED from MyTest/demo/AndroidManifest.xml:151:19-97
activity#im.sdk.debug.activity.notify.NotifyTypeActivity
ADDED from MyTest/demo/AndroidManifest.xml:152:9-84
	android:name
		ADDED from MyTest/demo/AndroidManifest.xml:152:19-81
activity#im.sdk.debug.activity.setting.GetBlackListActivity
ADDED from MyTest/demo/AndroidManifest.xml:153:9-87
	android:name
		ADDED from MyTest/demo/AndroidManifest.xml:153:19-84
activity#im.sdk.debug.activity.setting.AddRemoveBlackListActivity
ADDED from MyTest/demo/AndroidManifest.xml:154:9-93
	android:name
		ADDED from MyTest/demo/AndroidManifest.xml:154:19-90
activity#im.sdk.debug.activity.setting.UpdateUserAvatar
ADDED from MyTest/demo/AndroidManifest.xml:155:9-83
	android:name
		ADDED from MyTest/demo/AndroidManifest.xml:155:19-80
activity#im.sdk.debug.activity.setting.UpdateUserExtras
ADDED from MyTest/demo/AndroidManifest.xml:156:9-83
	android:name
		ADDED from MyTest/demo/AndroidManifest.xml:156:19-80
activity#im.sdk.debug.activity.notify.ShowGroupNotificationActivity
ADDED from MyTest/demo/AndroidManifest.xml:157:9-95
	android:name
		ADDED from MyTest/demo/AndroidManifest.xml:157:19-92
activity#im.sdk.debug.activity.imagecontent.CreateImageContentAsyncFile
ADDED from MyTest/demo/AndroidManifest.xml:158:9-99
	android:name
		ADDED from MyTest/demo/AndroidManifest.xml:158:19-96
activity#im.sdk.debug.activity.imagecontent.ShowDownloadPathActivity
ADDED from MyTest/demo/AndroidManifest.xml:159:9-96
	android:name
		ADDED from MyTest/demo/AndroidManifest.xml:159:19-93
activity#im.sdk.debug.activity.imagecontent.CreateImageContentAsyncBitmap
ADDED from MyTest/demo/AndroidManifest.xml:160:9-101
	android:name
		ADDED from MyTest/demo/AndroidManifest.xml:160:19-98
activity#im.sdk.debug.activity.messagecontent.SetGetStringExtraActivity
ADDED from MyTest/demo/AndroidManifest.xml:161:9-99
	android:name
		ADDED from MyTest/demo/AndroidManifest.xml:161:19-96
activity#im.sdk.debug.activity.messagecontent.SetGetNumberExtraActivity
ADDED from MyTest/demo/AndroidManifest.xml:162:9-99
	android:name
		ADDED from MyTest/demo/AndroidManifest.xml:162:19-96
activity#im.sdk.debug.activity.messagecontent.SetGetBooleanExtraActivity
ADDED from MyTest/demo/AndroidManifest.xml:163:9-100
	android:name
		ADDED from MyTest/demo/AndroidManifest.xml:163:19-97
activity#im.sdk.debug.activity.messagecontent.SetGetExtraActivity
ADDED from MyTest/demo/AndroidManifest.xml:164:9-93
	android:name
		ADDED from MyTest/demo/AndroidManifest.xml:164:19-90
activity#im.sdk.debug.activity.conversation.GetConversationInfoActivity
ADDED from MyTest/demo/AndroidManifest.xml:165:9-99
	android:name
		ADDED from MyTest/demo/AndroidManifest.xml:165:19-96
activity#im.sdk.debug.activity.conversation.OrderMessageActivity
ADDED from MyTest/demo/AndroidManifest.xml:166:9-92
	android:name
		ADDED from MyTest/demo/AndroidManifest.xml:166:19-89
activity#im.sdk.debug.activity.conversation.IsShowNotifySigActivity
ADDED from MyTest/demo/AndroidManifest.xml:167:9-95
	android:name
		ADDED from MyTest/demo/AndroidManifest.xml:167:19-92
activity#im.sdk.debug.activity.conversation.DeleteConversationActivity
ADDED from MyTest/demo/AndroidManifest.xml:168:9-98
	android:name
		ADDED from MyTest/demo/AndroidManifest.xml:168:19-95
activity#im.sdk.debug.activity.setting.NoDisturbListActivity
ADDED from MyTest/demo/AndroidManifest.xml:169:9-88
	android:name
		ADDED from MyTest/demo/AndroidManifest.xml:169:19-85
activity#im.sdk.debug.activity.setting.ShowLogoutReasonActivity
ADDED from MyTest/demo/AndroidManifest.xml:170:9-91
	android:name
		ADDED from MyTest/demo/AndroidManifest.xml:170:19-88
activity#im.sdk.debug.activity.createmessage.CreateSendFileActivity
ADDED from MyTest/demo/AndroidManifest.xml:171:9-95
	android:name
		ADDED from MyTest/demo/AndroidManifest.xml:171:19-92
activity#im.sdk.debug.activity.friend.FriendContactManager
ADDED from MyTest/demo/AndroidManifest.xml:172:9-86
	android:name
		ADDED from MyTest/demo/AndroidManifest.xml:172:19-83
activity#im.sdk.debug.activity.friend.AddFriendActivity
ADDED from MyTest/demo/AndroidManifest.xml:173:9-83
	android:name
		ADDED from MyTest/demo/AndroidManifest.xml:173:19-80
activity#im.sdk.debug.activity.friend.ShowFriendReasonActivity
ADDED from MyTest/demo/AndroidManifest.xml:174:9-90
	android:name
		ADDED from MyTest/demo/AndroidManifest.xml:174:19-87
activity#im.sdk.debug.activity.createmessage.CreateLocationMessageActivity
ADDED from MyTest/demo/AndroidManifest.xml:175:9-102
	android:name
		ADDED from MyTest/demo/AndroidManifest.xml:175:19-99
activity#im.sdk.debug.activity.groupinfo.BlockedGroupMsgActivity
ADDED from MyTest/demo/AndroidManifest.xml:176:9-92
	android:name
		ADDED from MyTest/demo/AndroidManifest.xml:176:19-89
activity#im.sdk.debug.activity.createmessage.ShowDownloadVoiceInfoActivity
ADDED from MyTest/demo/AndroidManifest.xml:177:9-102
	android:name
		ADDED from MyTest/demo/AndroidManifest.xml:177:19-99
activity#im.sdk.debug.activity.showinfo.ShowMyInfoUpdateActivity
ADDED from MyTest/demo/AndroidManifest.xml:178:9-92
	android:name
		ADDED from MyTest/demo/AndroidManifest.xml:178:19-89
activity#im.sdk.debug.activity.conversation.RetractMessageActivity
ADDED from MyTest/demo/AndroidManifest.xml:179:9-94
	android:name
		ADDED from MyTest/demo/AndroidManifest.xml:179:19-91
activity#im.sdk.debug.activity.conversation.ForwardMessageActivity
ADDED from MyTest/demo/AndroidManifest.xml:180:9-94
	android:name
		ADDED from MyTest/demo/AndroidManifest.xml:180:19-91
activity#im.sdk.debug.activity.conversation.MessageReceiptActivity
ADDED from MyTest/demo/AndroidManifest.xml:181:9-94
	android:name
		ADDED from MyTest/demo/AndroidManifest.xml:181:19-91
activity#im.sdk.debug.activity.createmessage.CreateTransCommandActivity
ADDED from MyTest/demo/AndroidManifest.xml:182:9-99
	android:name
		ADDED from MyTest/demo/AndroidManifest.xml:182:19-96
activity#im.sdk.debug.activity.createmessage.ShowTransCommandActivity
ADDED from MyTest/demo/AndroidManifest.xml:183:9-97
	android:name
		ADDED from MyTest/demo/AndroidManifest.xml:183:19-94
uses-sdk
INJECTED from MyTest/demo/AndroidManifest.xml reason: use-sdk injection requested
INJECTED from MyTest/demo/AndroidManifest.xml
INJECTED from MyTest/demo/AndroidManifest.xml
INJECTED from MyTest/demo/AndroidManifest.xml
INJECTED from MyTest/demo/AndroidManifest.xml
	android:targetSdkVersion
		INJECTED from MyTest/demo/AndroidManifest.xml
		ADDED from MyTest/demo/AndroidManifest.xml
		INJECTED from MyTest/demo/AndroidManifest.xml
	android:minSdkVersion
		INJECTED from MyTest/demo/AndroidManifest.xml
		ADDED from MyTest/demo/AndroidManifest.xml
		INJECTED from MyTest/demo/AndroidManifest.xml